#
# There is insufficient memory for the Java Runtime Environment to continue.
# Native memory allocation (malloc) failed to allocate 32744 bytes for ChunkPool::allocate
# Possible reasons:
#   The system is out of physical RAM or swap space
#   In 32 bit mode, the process size limit was hit
# Possible solutions:
#   Reduce memory load on the system
#   Increase physical memory or swap space
#   Check if swap backing store is full
#   Use 64 bit Java on a 64 bit OS
#   Decrease Java heap size (-Xmx/-Xms)
#   Decrease number of Java threads
#   Decrease Java thread stack sizes (-Xss)
#   Set larger code cache with -XX:ReservedCodeCacheSize=
# This output file may be truncated or incomplete.
#
#  Out of Memory Error (allocation.cpp:273), pid=13296, tid=1624
#
# JRE version: Java(TM) SE Runtime Environment (8.0_60-b27) (build 1.8.0_60-b27)
# Java VM: Java HotSpot(TM) 64-Bit Server VM (25.60-b23 mixed mode windows-amd64 compressed oops)
# Failed to write core dump. Minidumps are not enabled by default on client versions of Windows
#

---------------  T H R E A D  ---------------

Current thread (0x000000001bf0f800):  JavaThread "C2 CompilerThread1" daemon [_thread_in_native, id=1624, stack(0x000000001d560000,0x000000001d660000)]

Stack: [0x000000001d560000,0x000000001d660000]
[error occurred during error reporting (printing stack bounds), id 0xc0000005]

Native frames: (J=compiled Java code, j=interpreted, Vv=VM code, C=native code)


Current CompileTask:
C2:   8413 3255   !   4       javafx.scene.CssStyleHelper::transitionToState (1075 bytes)


---------------  P R O C E S S  ---------------

Java Threads: ( => current thread )
  0x000000001e4ce000 JavaThread "Java Sound Sequencer" [_thread_blocked, id=11804, stack(0x0000000043740000,0x0000000043840000)]
  0x000000001e4cd000 JavaThread "Thread-9" daemon [_thread_blocked, id=10444, stack(0x0000000043590000,0x0000000043690000)]
  0x000000001e4cc800 JavaThread "Thread-8" daemon [_thread_blocked, id=13044, stack(0x0000000043470000,0x0000000043570000)]
  0x000000001e4cb800 JavaThread "Java Sound Sequencer" [_thread_blocked, id=12772, stack(0x0000000042c50000,0x0000000042d50000)]
  0x000000003e113000 JavaThread "Thread-6" daemon [_thread_blocked, id=2732, stack(0x00000000430e0000,0x00000000431e0000)]
  0x000000003e052000 JavaThread "Thread-5" daemon [_thread_blocked, id=12084, stack(0x0000000042ec0000,0x0000000042fc0000)]
  0x000000003e052800 JavaThread "Java Sound Event Dispatcher" daemon [_thread_blocked, id=12628, stack(0x000000003ed80000,0x000000003ee80000)]
  0x000000001e668800 JavaThread "Prism Font Disposer" daemon [_thread_blocked, id=5080, stack(0x000000003d090000,0x000000003d190000)]
  0x000000001e3d9800 JavaThread "Thread-3" daemon [_thread_in_native, id=1016, stack(0x0000000020100000,0x0000000020200000)]
  0x000000001e33f000 JavaThread "JavaFX-Launcher" [_thread_blocked, id=8488, stack(0x0000000020350000,0x0000000020450000)]
  0x000000001e317800 JavaThread "JavaFX Application Thread" [_thread_in_native, id=10068, stack(0x000000001f1b0000,0x000000001f2b0000)]
  0x000000001e315800 JavaThread "Thread-1" daemon [_thread_blocked, id=9040, stack(0x000000001ef40000,0x000000001f040000)]
  0x000000001e2e8800 JavaThread "QuantumRenderer-0" daemon [_thread_blocked, id=9076, stack(0x000000001e050000,0x000000001e150000)]
  0x000000001d961800 JavaThread "Service Thread" daemon [_thread_blocked, id=11144, stack(0x000000001df30000,0x000000001e030000)]
  0x000000001d8e3800 JavaThread "C1 CompilerThread2" daemon [_thread_blocked, id=1404, stack(0x000000001dd50000,0x000000001de50000)]
=>0x000000001bf0f800 JavaThread "C2 CompilerThread1" daemon [_thread_in_native, id=1624, stack(0x000000001d560000,0x000000001d660000)]
  0x000000001bf0b000 JavaThread "C2 CompilerThread0" daemon [_thread_in_native, id=11392, stack(0x000000001d7e0000,0x000000001d8e0000)]
  0x000000001bf03800 JavaThread "Attach Listener" daemon [_thread_blocked, id=11600, stack(0x000000001d660000,0x000000001d760000)]
  0x000000001bf02000 JavaThread "Signal Dispatcher" daemon [_thread_blocked, id=3392, stack(0x000000001d160000,0x000000001d260000)]
  0x000000001bea7800 JavaThread "Finalizer" daemon [_thread_blocked, id=10188, stack(0x000000001d400000,0x000000001d500000)]
  0x000000001bea0800 JavaThread "Reference Handler" daemon [_thread_blocked, id=12992, stack(0x000000001d2a0000,0x000000001d3a0000)]
  0x0000000001d8f800 JavaThread "main" [_thread_blocked, id=3144, stack(0x00000000021d0000,0x00000000022d0000)]

Other Threads:
  0x000000001be9a800 VMThread [stack: 0x000000001cfe0000,0x000000001d0e0000] [id=4176]
  0x000000001d970000 WatcherThread [stack: 0x000000001e1e0000,0x000000001e2e0000] [id=5204]

VM state:not at safepoint (normal execution)

VM Mutex/Monitor currently owned by a thread: None

Heap:
 PSYoungGen      total 76288K, used 52237K [0x000000076af00000, 0x0000000773080000, 0x00000007c0000000)
  eden space 65536K, 63% used [0x000000076af00000,0x000000076d784fb8,0x000000076ef00000)
  from space 10752K, 99% used [0x000000076ef00000,0x000000076f97e570,0x000000076f980000)
  to   space 10752K, 0% used [0x0000000772600000,0x0000000772600000,0x0000000773080000)
 ParOldGen       total 131072K, used 16047K [0x00000006c0c00000, 0x00000006c8c00000, 0x000000076af00000)
  object space 131072K, 12% used [0x00000006c0c00000,0x00000006c1babc68,0x00000006c8c00000)
 Metaspace       used 22495K, capacity 23805K, committed 24064K, reserved 1069056K
  class space    used 3208K, capacity 3490K, committed 3584K, reserved 1048576K

Card table byte_map: [0x0000000011ab0000,0x00000000122b0000] byte_map_base: 0x000000000e4aa000

Marking Bits: (ParMarkBitMap*) 0x00000000605ca5b0
 Begin Bits: [0x0000000012d70000, 0x0000000016d40000)
 End Bits:   [0x0000000016d40000, 0x000000001ad10000)

Polling page: 0x0000000000140000

CodeCache: size=245760Kb used=11064Kb max_used=11064Kb free=234695Kb
 bounds [0x00000000026f0000, 0x00000000031d0000, 0x00000000116f0000]
 total_blobs=4074 nmethods=3351 adapters=634
 compilation: enabled

Compilation events (10 events):
Event: 8.332 Thread 0x000000001d8e3800 3361       3       com.sun.javafx.geom.Rectangle::<init> (21 bytes)
Event: 8.332 Thread 0x000000001d8e3800 nmethod 3361 0x00000000031c2210 code [0x00000000031c2380, 0x00000000031c25b0]
Event: 8.332 Thread 0x000000001d8e3800 3362       3       com.sun.prism.impl.BaseGraphics::setClipRect (44 bytes)
Event: 8.333 Thread 0x000000001d8e3800 nmethod 3362 0x00000000031c26d0 code [0x00000000031c2880, 0x00000000031c3248]
Event: 8.333 Thread 0x000000001d8e3800 3353       3       com.sun.prism.d3d.D3DShader::getRegister (93 bytes)
Event: 8.333 Thread 0x000000001d8e3800 nmethod 3353 0x00000000031c3610 code [0x00000000031c3880, 0x00000000031c4928]
Event: 8.333 Thread 0x000000001d8e3800 3355       1       com.sun.javafx.sg.prism.NGShape::getMode (5 bytes)
Event: 8.333 Thread 0x000000001d8e3800 nmethod 3355 0x00000000031c5110 code [0x00000000031c5260, 0x00000000031c5370]
Event: 8.390 Thread 0x000000001d8e3800 3365       3       javax.sound.sampled.AudioInputStream::read (274 bytes)
Event: 8.390 Thread 0x000000001d8e3800 nmethod 3365 0x00000000031c53d0 code [0x00000000031c5580, 0x00000000031c5e68]

GC Heap History (8 events):
Event: 2.125 GC heap before
{Heap before GC invocations=1 (full 0):
 PSYoungGen      total 76288K, used 51909K [0x000000076af00000, 0x0000000770400000, 0x00000007c0000000)
  eden space 65536K, 79% used [0x000000076af00000,0x000000076e1b1558,0x000000076ef00000)
  from space 10752K, 0% used [0x000000076f980000,0x000000076f980000,0x0000000770400000)
  to   space 10752K, 0% used [0x000000076ef00000,0x000000076ef00000,0x000000076f980000)
 ParOldGen       total 175104K, used 0K [0x00000006c0c00000, 0x00000006cb700000, 0x000000076af00000)
  object space 175104K, 0% used [0x00000006c0c00000,0x00000006c0c00000,0x00000006cb700000)
 Metaspace       used 19901K, capacity 21129K, committed 21296K, reserved 1067008K
  class space    used 2943K, capacity 3200K, committed 3200K, reserved 1048576K
Event: 2.131 GC heap after
Heap after GC invocations=1 (full 0):
 PSYoungGen      total 76288K, used 10544K [0x000000076af00000, 0x0000000770400000, 0x00000007c0000000)
  eden space 65536K, 0% used [0x000000076af00000,0x000000076af00000,0x000000076ef00000)
  from space 10752K, 98% used [0x000000076ef00000,0x000000076f94c080,0x000000076f980000)
  to   space 10752K, 0% used [0x000000076f980000,0x000000076f980000,0x0000000770400000)
 ParOldGen       total 175104K, used 2136K [0x00000006c0c00000, 0x00000006cb700000, 0x000000076af00000)
  object space 175104K, 1% used [0x00000006c0c00000,0x00000006c0e16020,0x00000006cb700000)
 Metaspace       used 19901K, capacity 21129K, committed 21296K, reserved 1067008K
  class space    used 2943K, capacity 3200K, committed 3200K, reserved 1048576K
}
Event: 2.131 GC heap before
{Heap before GC invocations=2 (full 1):
 PSYoungGen      total 76288K, used 10544K [0x000000076af00000, 0x0000000770400000, 0x00000007c0000000)
  eden space 65536K, 0% used [0x000000076af00000,0x000000076af00000,0x000000076ef00000)
  from space 10752K, 98% used [0x000000076ef00000,0x000000076f94c080,0x000000076f980000)
  to   space 10752K, 0% used [0x000000076f980000,0x000000076f980000,0x0000000770400000)
 ParOldGen       total 175104K, used 2136K [0x00000006c0c00000, 0x00000006cb700000, 0x000000076af00000)
  object space 175104K, 1% used [0x00000006c0c00000,0x00000006c0e16020,0x00000006cb700000)
 Metaspace       used 19901K, capacity 21129K, committed 21296K, reserved 1067008K
  class space    used 2943K, capacity 3200K, committed 3200K, reserved 1048576K
Event: 2.152 GC heap after
Heap after GC invocations=2 (full 1):
 PSYoungGen      total 76288K, used 0K [0x000000076af00000, 0x0000000770400000, 0x00000007c0000000)
  eden space 65536K, 0% used [0x000000076af00000,0x000000076af00000,0x000000076ef00000)
  from space 10752K, 0% used [0x000000076ef00000,0x000000076ef00000,0x000000076f980000)
  to   space 10752K, 0% used [0x000000076f980000,0x000000076f980000,0x0000000770400000)
 ParOldGen       total 131072K, used 10503K [0x00000006c0c00000, 0x00000006c8c00000, 0x000000076af00000)
  object space 131072K, 8% used [0x00000006c0c00000,0x00000006c1641c68,0x00000006c8c00000)
 Metaspace       used 19901K, capacity 21129K, committed 21296K, reserved 1067008K
  class space    used 2943K, capacity 3200K, committed 3200K, reserved 1048576K
}
Event: 8.011 GC heap before
{Heap before GC invocations=3 (full 1):
 PSYoungGen      total 76288K, used 65536K [0x000000076af00000, 0x0000000770400000, 0x00000007c0000000)
  eden space 65536K, 100% used [0x000000076af00000,0x000000076ef00000,0x000000076ef00000)
  from space 10752K, 0% used [0x000000076ef00000,0x000000076ef00000,0x000000076f980000)
  to   space 10752K, 0% used [0x000000076f980000,0x000000076f980000,0x0000000770400000)
 ParOldGen       total 131072K, used 10503K [0x00000006c0c00000, 0x00000006c8c00000, 0x000000076af00000)
  object space 131072K, 8% used [0x00000006c0c00000,0x00000006c1641c68,0x00000006c8c00000)
 Metaspace       used 21510K, capacity 22801K, committed 23168K, reserved 1069056K
  class space    used 3095K, capacity 3343K, committed 3456K, reserved 1048576K
Event: 8.016 GC heap after
Heap after GC invocations=3 (full 1):
 PSYoungGen      total 76288K, used 9423K [0x000000076af00000, 0x0000000770d80000, 0x00000007c0000000)
  eden space 65536K, 0% used [0x000000076af00000,0x000000076af00000,0x000000076ef00000)
  from space 10752K, 87% used [0x000000076f980000,0x00000007702b3cb8,0x0000000770400000)
  to   space 10752K, 0% used [0x000000076ef00000,0x000000076ef00000,0x000000076f980000)
 ParOldGen       total 131072K, used 10503K [0x00000006c0c00000, 0x00000006c8c00000, 0x000000076af00000)
  object space 131072K, 8% used [0x00000006c0c00000,0x00000006c1641c68,0x00000006c8c00000)
 Metaspace       used 21510K, capacity 22801K, committed 23168K, reserved 1069056K
  class space    used 3095K, capacity 3343K, committed 3456K, reserved 1048576K
}
Event: 8.129 GC heap before
{Heap before GC invocations=4 (full 1):
 PSYoungGen      total 76288K, used 74959K [0x000000076af00000, 0x0000000770d80000, 0x00000007c0000000)
  eden space 65536K, 100% used [0x000000076af00000,0x000000076ef00000,0x000000076ef00000)
  from space 10752K, 87% used [0x000000076f980000,0x00000007702b3cb8,0x0000000770400000)
  to   space 10752K, 0% used [0x000000076ef00000,0x000000076ef00000,0x000000076f980000)
 ParOldGen       total 131072K, used 10503K [0x00000006c0c00000, 0x00000006c8c00000, 0x000000076af00000)
  object space 131072K, 8% used [0x00000006c0c00000,0x00000006c1641c68,0x00000006c8c00000)
 Metaspace       used 21994K, capacity 23223K, committed 23424K, reserved 1069056K
  class space    used 3174K, capacity 3440K, committed 3456K, reserved 1048576K
Event: 8.137 GC heap after
Heap after GC invocations=4 (full 1):
 PSYoungGen      total 76288K, used 10745K [0x000000076af00000, 0x0000000773080000, 0x00000007c0000000)
  eden space 65536K, 0% used [0x000000076af00000,0x000000076af00000,0x000000076ef00000)
  from space 10752K, 99% used [0x000000076ef00000,0x000000076f97e570,0x000000076f980000)
  to   space 10752K, 0% used [0x0000000772600000,0x0000000772600000,0x0000000773080000)
 ParOldGen       total 131072K, used 16047K [0x00000006c0c00000, 0x00000006c8c00000, 0x000000076af00000)
  object space 131072K, 12% used [0x00000006c0c00000,0x00000006c1babc68,0x00000006c8c00000)
 Metaspace       used 21994K, capacity 23223K, committed 23424K, reserved 1069056K
  class space    used 3174K, capacity 3440K, committed 3456K, reserved 1048576K
}

Deoptimization events (10 events):
Event: 8.084 Thread 0x000000001e317800 Uncommon trap: reason=unstable_if action=reinterpret pc=0x00000000030108f8 method=java.lang.CharacterDataLatin1.digit(II)I @ 31
Event: 8.084 Thread 0x000000001e317800 Uncommon trap: reason=unstable_if action=reinterpret pc=0x0000000002f375a8 method=java.lang.CharacterDataLatin1.digit(II)I @ 31
Event: 8.090 Thread 0x000000001e317800 Uncommon trap: reason=bimorphic action=maybe_recompile pc=0x0000000002fbb2cc method=java.util.HashMap.putVal(ILjava/lang/Object;Ljava/lang/Object;ZZ)Ljava/lang/Object; @ 56
Event: 8.090 Thread 0x000000001e317800 Uncommon trap: reason=bimorphic action=maybe_recompile pc=0x0000000002fbb2cc method=java.util.HashMap.putVal(ILjava/lang/Object;Ljava/lang/Object;ZZ)Ljava/lang/Object; @ 56
Event: 8.090 Thread 0x000000001e317800 Uncommon trap: reason=bimorphic action=maybe_recompile pc=0x0000000002f76164 method=java.util.HashMap.putVal(ILjava/lang/Object;Ljava/lang/Object;ZZ)Ljava/lang/Object; @ 56
Event: 8.184 Thread 0x000000001e317800 Uncommon trap: reason=unstable_if action=reinterpret pc=0x0000000002ad218c method=com.sun.javafx.css.BitSet.add(Ljava/lang/Object;)Z @ 91
Event: 8.184 Thread 0x000000001e317800 Uncommon trap: reason=predicate action=maybe_recompile pc=0x0000000003078990 method=java.util.TimSort.binarySort([Ljava/lang/Object;IIILjava/util/Comparator;)V @ 76
Event: 8.276 Thread 0x000000001e317800 Uncommon trap: reason=unstable_if action=reinterpret pc=0x0000000002da12c0 method=javafx.scene.Node.getLocalBounds(Lcom/sun/javafx/geom/BaseBounds;Lcom/sun/javafx/geom/transform/BaseTransform;)Lcom/sun/javafx/geom/BaseBounds; @ 4
Event: 8.276 Thread 0x000000001e317800 Uncommon trap: reason=unstable_if action=reinterpret pc=0x0000000002cd7f14 method=javafx.scene.Node.updateLocalToParentTransform()V @ 337
Event: 8.331 Thread 0x000000001e2e8800 Uncommon trap: reason=unstable_if action=reinterpret pc=0x0000000002cf7f84 method=com.sun.javafx.geom.RectBounds.isEmpty()Z @ 21

Internal exceptions (10 events):
Event: 0.113 Thread 0x0000000001d8f800 Implicit null exception at 0x000000000280f155 to 0x000000000280f345
Event: 0.304 Thread 0x000000001e317800 Exception <a 'java/lang/NullPointerException'> (0x000000076bf165f8) thrown at [C:\re\workspace\8-2-build-windows-amd64-cygwin\jdk8u60\4407\hotspot\src\share\vm\interpreter\linkResolver.cpp, line 1178]
Event: 0.304 Thread 0x000000001e317800 Exception <a 'java/lang/NullPointerException'> (0x000000076bf165f8) thrown at [C:\re\workspace\8-2-build-windows-amd64-cygwin\jdk8u60\4407\hotspot\src\share\vm\prims\jvm.cpp, line 1390]
Event: 0.373 Thread 0x000000001e317800 Implicit null exception at 0x0000000002939235 to 0x0000000002939425
Event: 0.399 Thread 0x000000001e317800 Implicit null exception at 0x0000000002903516 to 0x0000000002903859
Event: 0.589 Thread 0x000000001e317800 Exception <a 'java/io/FileNotFoundException'> (0x000000076cb86128) thrown at [C:\re\workspace\8-2-build-windows-amd64-cygwin\jdk8u60\4407\hotspot\src\share\vm\prims\jni.cpp, line 709]
Event: 0.945 Thread 0x000000001e317800 Exception <a 'java/io/FileNotFoundException'> (0x000000076d3b57f0) thrown at [C:\re\workspace\8-2-build-windows-amd64-cygwin\jdk8u60\4407\hotspot\src\share\vm\prims\jni.cpp, line 709]
Event: 0.973 Thread 0x000000001e317800 Implicit null exception at 0x0000000002afd841 to 0x0000000002afdd01
Event: 7.869 Thread 0x000000001e317800 Implicit null exception at 0x0000000002e1d1b4 to 0x0000000002e1d229
Event: 8.082 Thread 0x000000001e317800 Exception <a 'java/lang/NullPointerException'> (0x000000076c9dff80) thrown at [C:\re\workspace\8-2-build-windows-amd64-cygwin\jdk8u60\4407\hotspot\src\share\vm\interpreter\linkResolver.cpp, line 1178]

Events (10 events):
Event: 8.209 Thread 0x000000001e317800 DEOPT UNPACKING pc=0x000000000273787f sp=0x000000001f2ac5a0 mode 0
Event: 8.276 Thread 0x000000001e317800 Uncommon trap: trap_request=0xffffff65 fr.pc=0x0000000002da12c0
Event: 8.276 Thread 0x000000001e317800 DEOPT PACKING pc=0x0000000002da12c0 sp=0x000000001f2ad140
Event: 8.276 Thread 0x000000001e317800 DEOPT UNPACKING pc=0x000000000273582a sp=0x000000001f2ad0c0 mode 2
Event: 8.276 Thread 0x000000001e317800 Uncommon trap: trap_request=0xffffff65 fr.pc=0x0000000002cd7f14
Event: 8.276 Thread 0x000000001e317800 DEOPT PACKING pc=0x0000000002cd7f14 sp=0x000000001f2ad360
Event: 8.276 Thread 0x000000001e317800 DEOPT UNPACKING pc=0x000000000273582a sp=0x000000001f2ad2d8 mode 2
Event: 8.331 Thread 0x000000001e2e8800 Uncommon trap: trap_request=0xffffff65 fr.pc=0x0000000002cf7f84
Event: 8.331 Thread 0x000000001e2e8800 DEOPT PACKING pc=0x0000000002cf7f84 sp=0x000000001e14afc0
Event: 8.331 Thread 0x000000001e2e8800 DEOPT UNPACKING pc=0x000000000273582a sp=0x000000001e14af58 mode 2


Dynamic libraries:
0x000000013f880000 - 0x000000013f8b7000 	C:\Program Files\Java\jdk1.8.0_60\bin\java.exe
0x00000000779f0000 - 0x0000000077b9a000 	C:\Windows\SYSTEM32\ntdll.dll
0x00000000778d0000 - 0x00000000779ef000 	C:\Windows\system32\kernel32.dll
0x000007fefd860000 - 0x000007fefd8cb000 	C:\Windows\system32\KERNELBASE.dll
0x000007feff630000 - 0x000007feff70b000 	C:\Windows\system32\ADVAPI32.dll
0x000007feff430000 - 0x000007feff4cf000 	C:\Windows\system32\msvcrt.dll
0x000007fefe0f0000 - 0x000007fefe10f000 	C:\Windows\SYSTEM32\sechost.dll
0x000007fefe2e0000 - 0x000007fefe40d000 	C:\Windows\system32\RPCRT4.dll
0x00000000777d0000 - 0x00000000778ca000 	C:\Windows\system32\USER32.dll
0x000007feff520000 - 0x000007feff587000 	C:\Windows\system32\GDI32.dll
0x000007fefdb30000 - 0x000007fefdb3e000 	C:\Windows\system32\LPK.dll
0x000007fefe210000 - 0x000007fefe2da000 	C:\Windows\system32\USP10.dll
0x000007fefc090000 - 0x000007fefc284000 	C:\Windows\WinSxS\amd64_microsoft.windows.common-controls_6595b64144ccf1df_6.0.7601.18837_none_fa3b1e3d17594757\COMCTL32.dll
0x000007fefdd00000 - 0x000007fefdd71000 	C:\Windows\system32\SHLWAPI.dll
0x000007fefdb50000 - 0x000007fefdb7e000 	C:\Windows\system32\IMM32.DLL
0x000007feff9e0000 - 0x000007feffae9000 	C:\Windows\system32\MSCTF.dll
0x0000000060e00000 - 0x0000000060ed2000 	C:\Program Files\Java\jdk1.8.0_60\jre\bin\msvcr100.dll
0x000000005fdc0000 - 0x0000000060649000 	C:\Program Files\Java\jdk1.8.0_60\jre\bin\server\jvm.dll
0x000007fef65c0000 - 0x000007fef65c9000 	C:\Windows\system32\WSOCK32.dll
0x000007feff4d0000 - 0x000007feff51d000 	C:\Windows\system32\WS2_32.dll
0x000007fefdb40000 - 0x000007fefdb48000 	C:\Windows\system32\NSI.dll
0x000007fef9610000 - 0x000007fef964b000 	C:\Windows\system32\WINMM.dll
0x000007fefc840000 - 0x000007fefc84c000 	C:\Windows\system32\VERSION.dll
0x0000000077bb0000 - 0x0000000077bb7000 	C:\Windows\system32\PSAPI.DLL
0x00000000609f0000 - 0x00000000609ff000 	C:\Program Files\Java\jdk1.8.0_60\jre\bin\verify.dll
0x00000000609c0000 - 0x00000000609e9000 	C:\Program Files\Java\jdk1.8.0_60\jre\bin\java.dll
0x00000000609a0000 - 0x00000000609b6000 	C:\Program Files\Java\jdk1.8.0_60\jre\bin\zip.dll
0x000007fefe410000 - 0x000007feff19a000 	C:\Windows\system32\SHELL32.dll
0x000007feffaf0000 - 0x000007feffcf3000 	C:\Windows\system32\ole32.dll
0x000007fefd780000 - 0x000007fefd78f000 	C:\Windows\system32\profapi.dll
0x000007fedc2d0000 - 0x000007fedc3bf000 	C:\Program Files\Java\jdk1.8.0_60\jre\bin\msvcr120.dll
0x000007fedcab0000 - 0x000007fedcb56000 	C:\Program Files\Java\jdk1.8.0_60\jre\bin\msvcp120.dll
0x000000006fde0000 - 0x000000006fe03000 	C:\Program Files\Java\jdk1.8.0_60\jre\bin\prism_d3d.dll
0x000007fef8e00000 - 0x000007fef8fff000 	C:\Windows\system32\d3d9.dll
0x000007fef8df0000 - 0x000007fef8df7000 	C:\Windows\system32\d3d8thk.dll
0x000007fefba80000 - 0x000007fefba98000 	C:\Windows\system32\dwmapi.dll
0x000007fefbeb0000 - 0x000007fefbf06000 	C:\Windows\system32\uxtheme.dll
0x000007feecf20000 - 0x000007feedf9e000 	C:\Windows\system32\nvd3dumx.dll
0x000000006c7b0000 - 0x000000006c7f3000 	C:\Program Files\Java\jdk1.8.0_60\jre\bin\glass.dll
0x000007fefdc60000 - 0x000007fefdcf7000 	C:\Windows\system32\COMDLG32.dll
0x000007fefdb80000 - 0x000007fefdc57000 	C:\Windows\system32\OLEAUT32.dll
0x0000000180000000 - 0x000000018006c000 	C:\Program Files (x86)\RivaTuner Statistics Server\RTSSHooks64.dll
0x0000000070110000 - 0x00000000701b3000 	C:\Windows\WinSxS\amd64_microsoft.vc90.crt_1fc8b3b9a1e18e3b_9.0.30729.6161_none_08e61857a83bc251\MSVCR90.dll
0x000007fef5390000 - 0x000007fef540f000 	C:\Program Files\Common Files\microsoft shared\ink\tiptsf.dll
0x000007fefd610000 - 0x000007fefd61f000 	C:\Windows\system32\CRYPTBASE.dll
0x000007feff590000 - 0x000007feff629000 	C:\Windows\system32\CLBCatQ.DLL
0x000007fef8cc0000 - 0x000007fef8d14000 	C:\Windows\system32\oleacc.dll
0x000007fefdf10000 - 0x000007fefe0e7000 	C:\Windows\system32\SETUPAPI.dll
0x000007fefd820000 - 0x000007fefd856000 	C:\Windows\system32\CFGMGR32.dll
0x000007fefdb10000 - 0x000007fefdb2a000 	C:\Windows\system32\DEVOBJ.dll
0x000007feecd00000 - 0x000007feecde6000 	C:\Program Files (x86)\NVIDIA Corporation\3D Vision\nvSCPAPI64.dll
0x000007feecb40000 - 0x000007feeccfe000 	C:\Windows\system32\nvspcap64.dll
0x000007fefb620000 - 0x000007fefb691000 	C:\Windows\system32\WINHTTP.dll
0x000007fefb5b0000 - 0x000007fefb614000 	C:\Windows\system32\webio.dll
0x000007fefd540000 - 0x000007fefd565000 	C:\Windows\system32\SspiCli.dll
0x000007fef8870000 - 0x000007fef8c42000 	C:\Windows\system32\nvapi64.dll
0x000007fefb440000 - 0x000007fefb46c000 	C:\Windows\system32\powrprof.dll
0x000000006f3b0000 - 0x000000006f3c4000 	C:\Program Files\Java\jdk1.8.0_60\jre\bin\javafx_font.dll
0x000007feeb120000 - 0x000007feeb2b7000 	C:\Windows\system32\dwrite.dll
0x000007fefb8d0000 - 0x000007fefba31000 	C:\Windows\system32\WindowsCodecs.dll
0x000007fefd570000 - 0x000007fefd5c7000 	C:\Windows\system32\apphelp.dll
0x000007fef64f0000 - 0x000007fef655f000 	C:\Windows\system32\mscoree.dll
0x000007fef63e0000 - 0x000007fef6478000 	C:\Windows\Microsoft.NET\Framework64\v4.0.30319\mscoreei.dll
0x000007fefd620000 - 0x000007fefd6b1000 	C:\Windows\system32\sxs.dll
0x000007fef57c0000 - 0x000007fef611c000 	C:\Windows\Microsoft.NET\Framework64\v4.0.30319\clr.dll
0x000007fef5660000 - 0x000007fef5757000 	C:\Windows\system32\MSVCR120_CLR0400.dll
0x000007fef2c90000 - 0x000007fef4128000 	C:\Windows\assembly\NativeImages_v4.0.30319_64\mscorlib\fa8eef6f6cb67c660d71e15c5cad71b5\mscorlib.ni.dll
0x000007fefcf70000 - 0x000007fefcf88000 	C:\Windows\system32\CRYPTSP.dll
0x000007fefcc70000 - 0x000007fefccb7000 	C:\Windows\system32\rsaenh.dll
0x000007fefd6c0000 - 0x000007fefd6d4000 	C:\Windows\system32\RpcRtRemote.dll
0x000007fef6a60000 - 0x000007fef7631000 	C:\Windows\assembly\NativeImages_v4.0.30319_64\System\856f93ee8a11010c62340ec9fbba8cd0\System.ni.dll
0x000007fef6870000 - 0x000007fef6a5b000 	C:\Windows\assembly\NativeImages_v4.0.30319_64\System.Drawing\cfb726e159aacbe9e4f6a231201832e1\System.Drawing.ni.dll
0x000007fef6860000 - 0x000007fef6863000 	C:\Windows\system32\api-ms-win-core-xstate-l2-1-0.dll
0x000007fef2b80000 - 0x000007fef2c85000 	C:\Windows\Microsoft.NET\Framework64\v4.0.30319\clrjit.dll
0x000007fef21f0000 - 0x000007fef2b7b000 	C:\Windows\assembly\NativeImages_v4.0.30319_64\System.Core\92568f42a2b92e3314f7ae9e2e5eea4a\System.Core.ni.dll
0x000007fef0a80000 - 0x000007fef21e8000 	C:\Windows\assembly\NativeImages_v4.0.30319_64\System.ServiceModel\b7b893ea3237c3c3e874a6a331dc8da1\System.ServiceModel.ni.dll
0x000007fef0740000 - 0x000007fef0a71000 	C:\Windows\assembly\NativeImages_v4.0.30319_64\System.Runteb92aa12#\43d9b9a3b683fbf240d413a7a88f70ba\System.Runtime.Serialization.ni.dll
0x000007fef6840000 - 0x000007fef6856000 	C:\Windows\Microsoft.NET\Framework64\v4.0.30319\nlssorting.dll
0x000007fef0610000 - 0x000007fef0731000 	C:\Windows\assembly\NativeImages_v4.0.30319_64\System.Configuration\5317331a5322c699e930e10f5374765f\System.Configuration.ni.dll
0x000007feefd70000 - 0x000007fef0602000 	C:\Windows\assembly\NativeImages_v4.0.30319_64\System.Xml\a06640dcd0fdb525a12f0e438f5be839\System.Xml.ni.dll
0x000007fef65d0000 - 0x000007fef6690000 	C:\Program Files (x86)\Google\Drive\googledrivesync64.dll
0x00000000701c0000 - 0x0000000070293000 	C:\Windows\WinSxS\amd64_microsoft.vc90.crt_1fc8b3b9a1e18e3b_9.0.30729.6161_none_08e61857a83bc251\MSVCP90.dll
0x000007fef6800000 - 0x000007fef6840000 	C:\Program Files (x86)\Dropbox\Client\DropboxExt64.34.dll
0x000007fef7650000 - 0x000007fef767d000 	C:\Program Files\Common Files\Microsoft Shared\Ink\rtscom.dll
0x0000000065540000 - 0x0000000065551000 	C:\Program Files\Java\jdk1.8.0_60\jre\bin\prism_common.dll
0x000007fefbf10000 - 0x000007fefc03c000 	C:\Windows\system32\propsys.dll
0x000007fefc580000 - 0x000007fefc5ad000 	C:\Windows\system32\ntmarta.dll
0x000007fefe1b0000 - 0x000007fefe202000 	C:\Windows\system32\WLDAP32.dll
0x000007fef79f0000 - 0x000007fef7bba000 	C:\Windows\system32\explorerframe.dll
0x000007fefbb40000 - 0x000007fefbb83000 	C:\Windows\system32\DUser.dll
0x000007fefbb90000 - 0x000007fefbc82000 	C:\Windows\system32\DUI70.dll
0x000007feef540000 - 0x000007feef582000 	C:\Windows\system32\msls31.dll
0x000007fefba40000 - 0x000007fefba75000 	C:\Windows\system32\xmllite.dll
0x000007fedf0e0000 - 0x000007fedf19a000 	C:\Windows\system32\UIAutomationCore.dll
0x000007fedeb30000 - 0x000007fedebab000 	C:\Windows\System32\StructuredQuery.dll
0x000007fefd2b0000 - 0x000007fefd2bb000 	C:\Windows\System32\Secur32.dll
0x000007feefbf0000 - 0x000007feefcde000 	C:\Windows\system32\actxprxy.dll
0x000007fee0320000 - 0x000007fee03da000 	C:\Program Files\Internet Explorer\ieproxy.dll
0x000007fefd990000 - 0x000007fefd994000 	C:\Windows\system32\api-ms-win-downlevel-shlwapi-l1-1-0.dll
0x000007feeac80000 - 0x000007feeac84000 	C:\Windows\system32\api-ms-win-downlevel-shlwapi-l2-1-0.dll
0x000007fefd7a0000 - 0x000007fefd7a5000 	C:\Windows\system32\api-ms-win-downlevel-advapi32-l1-1-0.dll
0x000007fee0d20000 - 0x000007fee0d3f000 	C:\Windows\system32\thumbcache.dll
0x000007feee5f0000 - 0x000007feee670000 	C:\Windows\system32\ntshrui.dll
0x000007fefd1f0000 - 0x000007fefd213000 	C:\Windows\system32\srvcli.dll
0x000007fef76e0000 - 0x000007fef76ef000 	C:\Windows\system32\cscapi.dll
0x000007fefa160000 - 0x000007fefa16b000 	C:\Windows\system32\slc.dll
0x000007fef67b0000 - 0x000007fef67e4000 	C:\Windows\system32\SHDOCVW.dll
0x000007fedcb60000 - 0x000007fedcc37000 	C:\Windows\system32\SearchFolder.dll
0x000007fedcc40000 - 0x000007fedda10000 	C:\Windows\system32\ieframe.DLL
0x000007fefd970000 - 0x000007fefd974000 	C:\Windows\system32\api-ms-win-downlevel-user32-l1-1-0.dll
0x000007fee0290000 - 0x000007fee0294000 	C:\Windows\system32\api-ms-win-downlevel-shell32-l1-1-0.dll
0x000007fefd980000 - 0x000007fefd984000 	C:\Windows\system32\api-ms-win-downlevel-version-l1-1-0.dll
0x000007fefd790000 - 0x000007fefd793000 	C:\Windows\system32\api-ms-win-downlevel-normaliz-l1-1-0.dll
0x0000000077bc0000 - 0x0000000077bc3000 	C:\Windows\system32\normaliz.DLL
0x000007feff710000 - 0x000007feff9d8000 	C:\Windows\system32\iertutil.dll
0x000007feeeaa0000 - 0x000007feeec3c000 	C:\Windows\system32\NetworkExplorer.dll
0x000007fef5420000 - 0x000007fef5453000 	C:\Windows\system32\FunDisc.dll
0x000007fefb290000 - 0x000007fefb2a9000 	C:\Windows\system32\ATL.DLL
0x000007fee1080000 - 0x000007fee1097000 	C:\Windows\system32\fdproxy.dll
0x000007fef8c50000 - 0x000007fef8c64000 	C:\Windows\system32\samcli.dll
0x000007fefc040000 - 0x000007fefc05d000 	C:\Windows\system32\SAMLIB.dll
0x000007fefa540000 - 0x000007fefa54c000 	C:\Windows\system32\netutils.dll
0x000007fee2220000 - 0x000007fee2251000 	C:\Windows\System32\provsvc.dll
0x000007fef67a0000 - 0x000007fef67ac000 	C:\Windows\system32\LINKINFO.dll
0x000007fef86b0000 - 0x000007fef86c8000 	C:\Windows\system32\MPR.dll
0x000007fee2280000 - 0x000007fee228a000 	C:\Windows\System32\drprov.dll
0x000007fefd5d0000 - 0x000007fefd60d000 	C:\Windows\System32\WINSTA.dll
0x000007fee04b0000 - 0x000007fee04d2000 	C:\Windows\System32\ntlanman.dll

VM Arguments:
jvm_args: -Dfile.encoding=UTF-8 
java_command: rgvm.RegioVincoMapEditor
java_class_path (initial): C:\Users\Brian\Desktop\CSE_219-Final_Proj\javax.json-1.0.4.jar;C:\Users\Brian\Desktop\CSE_219-Final_Proj\XMLUtilities\build\classes;C:\Users\Brian\Desktop\CSE_219-Final_Proj\PropertiesManager\build\classes;C:\Users\Brian\Desktop\CSE_219-Final_Proj\SimpleAppFramework\build\classes;C:\Users\Brian\Desktop\CSE_219-Final_Proj\AudioManager\build\classes;C:\Users\Brian\Desktop\CSE_219-Final_Proj\RegioVincoMapEditor\build\classes
Launcher Type: SUN_STANDARD

Environment Variables:
PATH=C:\Program Files (x86)\Intel\iCLS Client\;C:\Program Files\Intel\iCLS Client\;C:\Program Files\Java\jre1.8.0_66\bin;C:\Windows\system32;C:\Windows;C:\Windows\system32\wbem;C:\ProgramData\Oracle\Java\javapath;C:\Program Files (x86)\Common Files\Microsoft Shared\Windows Live;C:\Windows\System32\WindowsPowerShell\v1.0;C:\Program Files (x86)\ATI Technologies\ATI.ACE\Core-Static;C:\Program Files (x86)\Common Files\Acronis\SnapAPI;C:\Program Files (x86)\Intel\OpenCL SDK\2.0\bin\x86;C:\Program Files (x86)\Intel\OpenCL SDK\2.0\bin\x64;C:\Program Files (x86)\PharosSystems\Core;C:\Program Files (x86)\QuickTime\QTSystem;C:\Program Files (x86)\AMD\ATI.ACE\Core-Static;D:\Program Files\MATLAB\R2015a\bin;C:\Program Files\iojs;C:\Program Files (x86)\Livestreamer;C:\Program Files (x86)\NVIDIA Corporation\PhysX\Common;C:\Program Files\nodejs\;C:\Program Files (x86)\Skype\Phone\;C:\Program Files\Intel\Intel(R) Management Engine Components\DAL;C:\Program Files\Intel\Intel(R) Management Engine Components\IPT;C:\Program Files (x86)\Intel\Intel(R) Management Engine Components\DAL;C:\Program Files (x86)\Intel\Intel(R) Management Engine Components\IPT;C:\Program Files\Java\jre1.8.0_66\bin;C:\Users\Brian\Desktop\adt-bundle-windows-x86_64-20140702\sdk\platform-tools;C:\Users\Brian\AppData\Local\atom\bin;C:\Users\Brian\AppData\Roaming\npm;C:\IDE_ETC\Julia-0.4.3\bin\julia.exe
USERNAME=Brian
OS=Windows_NT
PROCESSOR_IDENTIFIER=Intel64 Family 6 Model 58 Stepping 9, GenuineIntel



---------------  S Y S T E M  ---------------

OS: Windows 7 , 64 bit Build 7601 (6.1.7601.19135)

CPU:total 4 (4 cores per cpu, 1 threads per core) family 6 model 58 stepping 9, cmov, cx8, fxsr, mmx, sse, sse2, sse3, ssse3, sse4.1, sse4.2, popcnt, avx, aes, clmul, erms, tsc, tscinvbit, tscinv

Memory: 4k page, physical 16720096k(6310144k free), swap 16718260k(5116k free)

vm_info: Java HotSpot(TM) 64-Bit Server VM (25.60-b23) for windows-amd64 JRE (1.8.0_60-b27), built on Aug  4 2015 11:06:27 by "java_re" with MS VC++ 10.0 (VS2010)

time: Thu Jul 21 13:59:49 2016
elapsed time: 8 seconds (0d 0h 0m 8s)

